<?xml version="1.0" encoding="UTF-8"?>
<!-- Generated by org.testng.reporters.JUnitReportReporter -->
<testsuite hostname="LAPTOP-E6SRQGTN" failures="0" tests="2" name="KamalIndustries.Tests.ErrorValidationsTest" time="18.208" errors="0" timestamp="2022-10-16T12:05:58 IST" skipped="0">
  <testcase classname="KamalIndustries.Tests.ErrorValidationsTest" name="productErrorValidation" time="15.647"/>
  <system-out/>
  <testcase classname="KamalIndustries.Tests.ErrorValidationsTest" name="loginErrorValidation" time="2.561"/>
  <system-out/>
</testsuite> <!-- KamalIndustries.Tests.ErrorValidationsTest -->
