<?xml version="1.0" encoding="UTF-8"?>
<!-- Generated by org.testng.reporters.JUnitReportReporter -->
<testsuite hostname="LAPTOP-E6SRQGTN" failures="0" tests="3" name="KamalIndustries.Tests.submitOrderTest" time="38.565" errors="0" timestamp="2022-10-16T12:05:58 IST" skipped="0">
  <testcase classname="KamalIndustries.Tests.submitOrderTest" name="submitOrder" time="16.794"/>
  <system-out/>
  <testcase classname="KamalIndustries.Tests.submitOrderTest" name="submitOrder" time="18.596"/>
  <system-out/>
  <testcase classname="KamalIndustries.Tests.submitOrderTest" name="orderHistoryTest" time="3.175"/>
  <system-out/>
</testsuite> <!-- KamalIndustries.Tests.submitOrderTest -->
