<?xml version="1.0" encoding="UTF-8"?>
<!-- Generated by org.testng.reporters.JUnitReportReporter -->
<testsuite hostname="LAPTOP-E6SRQGTN" failures="0" tests="2" name="rahulshettyacademy.tests.ErrorValidationsTest" time="28.889" errors="0" timestamp="11 Nov 2022 10:14:28 GMT" skipped="0">
  <testcase classname="rahulshettyacademy.tests.ErrorValidationsTest" name="LoginErrorValidation" time="4.504"/>
  <testcase classname="rahulshettyacademy.tests.ErrorValidationsTest" name="ProductErrorValidation" time="24.385"/>
</testsuite> <!-- rahulshettyacademy.tests.ErrorValidationsTest -->
