<?xml version="1.0" encoding="UTF-8"?>
<!-- Generated by org.testng.reporters.JUnitReportReporter -->
<testsuite hostname="LAPTOP-E6SRQGTN" failures="0" tests="1" name="cucumber.TestNGTestRunner" time="8.291" errors="0" timestamp="11 Nov 2022 10:14:28 GMT" skipped="0">
  <testcase classname="cucumber.TestNGTestRunner" name="runScenario" time="8.291"/>
</testsuite> <!-- cucumber.TestNGTestRunner -->
